0 info it worked if it ends with ok
1 verbose cli [ '/home/periubuntu/.nvm/v0.11.16/bin/node',
1 verbose cli   '/home/periubuntu/.nvm/v0.11.16/bin/npm',
1 verbose cli   'run',
1 verbose cli   'watch' ]
2 info using npm@2.3.0
3 info using node@v0.11.16
4 verbose run-script [ 'prewatch', 'watch', 'postwatch' ]
5 info prewatch css-frameworks-ca@1.0.0
6 info watch css-frameworks-ca@1.0.0
7 verbose unsafe-perm in lifecycle true
8 info css-frameworks-ca@1.0.0 Failed to exec watch script
9 verbose stack Error: css-frameworks-ca@1.0.0 watch: `sass --watch src/scss:dist/css & live-server`
9 verbose stack Exit status 1
9 verbose stack     at EventEmitter.<anonymous> (/home/periubuntu/.nvm/v0.11.16/lib/node_modules/npm/lib/utils/lifecycle.js:213:16)
9 verbose stack     at EventEmitter.emit (events.js:110:17)
9 verbose stack     at ChildProcess.<anonymous> (/home/periubuntu/.nvm/v0.11.16/lib/node_modules/npm/lib/utils/spawn.js:14:12)
9 verbose stack     at ChildProcess.emit (events.js:110:17)
9 verbose stack     at maybeClose (child_process.js:1008:16)
9 verbose stack     at Process.ChildProcess._handle.onexit (child_process.js:1080:5)
10 verbose pkgid css-frameworks-ca@1.0.0
11 verbose cwd /mnt/c/Users/Peri/css-frameworks-ca
12 error Linux 5.10.102.1-microsoft-standard-WSL2
13 error argv "/home/periubuntu/.nvm/v0.11.16/bin/node" "/home/periubuntu/.nvm/v0.11.16/bin/npm" "run" "watch"
14 error node v0.11.16
15 error npm  v2.3.0
16 error code ELIFECYCLE
17 error css-frameworks-ca@1.0.0 watch: `sass --watch src/scss:dist/css & live-server`
17 error Exit status 1
18 error Failed at the css-frameworks-ca@1.0.0 watch script 'sass --watch src/scss:dist/css & live-server'.
18 error This is most likely a problem with the css-frameworks-ca package,
18 error not with npm itself.
18 error Tell the author that this fails on your system:
18 error     sass --watch src/scss:dist/css & live-server
18 error You can get their info via:
18 error     npm owner ls css-frameworks-ca
18 error There is likely additional logging output above.
19 verbose exit [ 1, true ]
